2025-05-02T22:31:45.390Z [error]: Query failed
2025-05-02T22:32:10.929Z [error]: Query failed
2025-05-02T22:32:33.168Z [error]: Query failed
2025-05-04T21:17:33.373Z [[32minfo[39m] - ✅ Server running on port 5001
2025-05-04T21:17:33.387Z [[32minfo[39m] - ✅ Connected to PostgreSQL database
2025-05-04T21:17:40.206Z [[32minfo[39m] - ✅ Server running on port 5001
2025-05-04T21:17:40.230Z [[32minfo[39m] - ✅ Connected to PostgreSQL database
2025-05-04T21:20:44.467Z [[32minfo[39m] - ✅ Server running on port 5001
2025-05-04T21:20:44.477Z [[32minfo[39m] - ✅ Connected to PostgreSQL database
2025-05-04T21:21:06.312Z [[32minfo[39m] - ✅ Server running on port 5001
2025-05-04T21:21:06.325Z [[32minfo[39m] - ✅ Connected to PostgreSQL database
2025-05-04T21:21:12.364Z [[32minfo[39m] - ✅ Server running on port 5001
2025-05-04T21:21:12.373Z [[32minfo[39m] - ✅ Connected to PostgreSQL database
2025-05-04T21:21:24.086Z [[32minfo[39m] - OPTIONS /api/auth/login 204 0 - 1.421 ms
2025-05-04T21:21:24.177Z [[32minfo[39m] - POST /api/auth/login 200 340 - 90.180 ms
2025-05-04T21:26:22.328Z [[32minfo[39m] - ✅ Server running on port 5001
2025-05-04T21:26:22.354Z [[32minfo[39m] - ✅ Connected to PostgreSQL database
2025-05-04T21:26:24.526Z [[32minfo[39m] - ✅ Server running on port 5001
2025-05-04T21:26:24.536Z [[32minfo[39m] - ✅ Connected to PostgreSQL database
2025-05-04T21:26:26.504Z [[32minfo[39m] - ✅ Server running on port 5001
2025-05-04T21:26:26.516Z [[32minfo[39m] - ✅ Connected to PostgreSQL database
2025-05-04T21:26:31.324Z [[32minfo[39m] - ✅ Server running on port 5001
2025-05-04T21:26:31.336Z [[32minfo[39m] - ✅ Connected to PostgreSQL database
2025-05-04T21:26:33.045Z [[32minfo[39m] - ✅ Server running on port 5001
2025-05-04T21:26:33.054Z [[32minfo[39m] - ✅ Connected to PostgreSQL database
2025-05-04T21:26:38.900Z [[32minfo[39m] - ✅ Server running on port 5001
2025-05-04T21:26:38.911Z [[32minfo[39m] - ✅ Connected to PostgreSQL database
2025-05-04T21:27:02.747Z [[32minfo[39m] - OPTIONS /api/auth/login 204 0 - 1.848 ms
2025-05-04T21:27:02.843Z [[32minfo[39m] - POST /api/auth/login 200 340 - 94.860 ms
2025-05-04T21:29:00.338Z [[32minfo[39m] - ✅ Server running on port 5001
2025-05-04T21:29:00.355Z [[32minfo[39m] - ✅ Connected to PostgreSQL database
2025-05-04T21:29:34.018Z [[32minfo[39m] - OPTIONS /api/auth/register 204 0 - 1.470 ms
2025-05-04T21:29:34.106Z [[32minfo[39m] - POST /api/auth/register 200 338 - 87.360 ms
2025-05-04T21:29:40.479Z [[32minfo[39m] - OPTIONS /api/auth/login 204 0 - 0.262 ms
2025-05-04T21:29:40.565Z [[32minfo[39m] - POST /api/auth/login 200 338 - 81.000 ms
2025-05-04T21:31:08.312Z [[32minfo[39m] - OPTIONS /api/auth/login 204 0 - 0.611 ms
2025-05-04T21:31:08.398Z [[32minfo[39m] - POST /api/auth/login 200 338 - 73.721 ms
2025-05-04T21:31:19.426Z [[32minfo[39m] - OPTIONS /api/cars/my 204 0 - 0.273 ms
2025-05-04T21:31:19.430Z [[32minfo[39m] - OPTIONS /api/cars/my 204 0 - 0.108 ms
2025-05-04T21:31:19.440Z [[31merror[39m] - GET /api/cars/my 500 - invalid input syntax for type integer: "my"
2025-05-04T21:31:19.441Z [[31merror[39m] - GET /api/cars/my 500 - invalid input syntax for type integer: "my"
2025-05-04T21:31:19.442Z [[32minfo[39m] - GET /api/cars/my 500 59 - 13.945 ms
2025-05-04T21:31:19.452Z [[31merror[39m] - GET /api/cars/my 500 - invalid input syntax for type integer: "my"
2025-05-04T21:31:19.452Z [[31merror[39m] - GET /api/cars/my 500 - invalid input syntax for type integer: "my"
2025-05-04T21:31:19.454Z [[32minfo[39m] - GET /api/cars/my 500 59 - 9.547 ms
2025-05-04T21:39:17.922Z [[32minfo[39m] - ✅ Server running on port 5001
2025-05-04T21:39:17.950Z [[32minfo[39m] - ✅ Connected to PostgreSQL database
2025-05-04T21:39:33.906Z [[32minfo[39m] - OPTIONS /api/auth/login 204 0 - 4.651 ms
2025-05-04T21:39:34.089Z [[32minfo[39m] - POST /api/auth/login 200 338 - 181.042 ms
2025-05-04T22:23:19.439Z [[32minfo[39m] - ✅ Server running on port 5001
2025-05-04T22:23:19.474Z [[32minfo[39m] - ✅ Connected to PostgreSQL database
2025-05-04T22:23:42.817Z [[32minfo[39m] - ✅ Server running on port 5001
2025-05-04T22:23:42.830Z [[32minfo[39m] - ✅ Connected to PostgreSQL database
2025-05-04T22:24:13.684Z [[32minfo[39m] - ✅ Server running on port 5001
2025-05-04T22:24:13.720Z [[32minfo[39m] - ✅ Connected to PostgreSQL database
2025-05-04T22:24:27.259Z [[32minfo[39m] - ✅ Server running on port 5001
2025-05-04T22:24:27.273Z [[32minfo[39m] - ✅ Connected to PostgreSQL database
2025-05-04T22:24:42.021Z [[32minfo[39m] - ✅ Server running on port 5001
2025-05-04T22:24:42.036Z [[32minfo[39m] - ✅ Connected to PostgreSQL database
2025-05-04T22:24:56.661Z [[32minfo[39m] - ✅ Server running on port 5001
2025-05-04T22:24:56.676Z [[32minfo[39m] - ✅ Connected to PostgreSQL database
2025-05-04T22:25:03.201Z [[32minfo[39m] - ✅ Server running on port 5001
2025-05-04T22:25:03.212Z [[32minfo[39m] - ✅ Connected to PostgreSQL database
2025-05-04T22:25:19.129Z [[32minfo[39m] - ✅ Server running on port 5001
2025-05-04T22:25:19.141Z [[32minfo[39m] - ✅ Connected to PostgreSQL database
2025-05-04T22:25:31.291Z [[32minfo[39m] - ✅ Server running on port 5001
2025-05-04T22:25:31.302Z [[32minfo[39m] - ✅ Connected to PostgreSQL database
2025-05-04T22:25:41.521Z [[32minfo[39m] - ✅ Server running on port 5001
2025-05-04T22:25:41.535Z [[32minfo[39m] - ✅ Connected to PostgreSQL database
2025-05-04T22:25:45.310Z [[32minfo[39m] - ✅ Server running on port 5001
2025-05-04T22:25:45.322Z [[32minfo[39m] - ✅ Connected to PostgreSQL database
2025-05-04T22:25:48.246Z [[32minfo[39m] - ✅ Server running on port 5001
2025-05-04T22:25:48.262Z [[32minfo[39m] - ✅ Connected to PostgreSQL database
2025-05-04T22:26:12.163Z [[32minfo[39m] - ✅ Server running on port 5001
2025-05-04T22:26:12.173Z [[32minfo[39m] - ✅ Connected to PostgreSQL database
2025-05-04T22:26:25.325Z [[32minfo[39m] - ✅ Server running on port 5001
2025-05-04T22:26:25.338Z [[32minfo[39m] - ✅ Connected to PostgreSQL database
2025-05-04T22:40:32.396Z [[32minfo[39m] - ✅ Server running on port 5001
2025-05-04T22:40:32.421Z [[32minfo[39m] - ✅ Connected to PostgreSQL database
2025-05-04T23:02:32.624Z [[32minfo[39m] - OPTIONS /api/auth/register 204 0 - 4.730 ms
2025-05-04T23:02:32.662Z [[32minfo[39m] - POST /api/auth/register 400 33 - 35.721 ms
2025-05-04T23:02:41.137Z [[32minfo[39m] - OPTIONS /api/auth/login 204 0 - 0.250 ms
2025-05-04T23:02:41.236Z [[32minfo[39m] - POST /api/auth/login 200 338 - 94.325 ms
2025-05-04T23:28:53.422Z [[32minfo[39m] - OPTIONS /api/auth/login 204 0 - 1.257 ms
2025-05-04T23:28:53.523Z [[32minfo[39m] - POST /api/auth/login 200 338 - 98.085 ms
2025-05-04T23:29:22.029Z [[31merror[39m] - POST /api/cars/upload 500 - Image file format webp not allowed
2025-05-04T23:29:22.030Z [[31merror[39m] - POST /api/cars/upload 500 - Image file format webp not allowed
2025-05-04T23:29:22.032Z [[32minfo[39m] - POST /api/cars/upload 500 48 - 1946.471 ms
2025-05-04T23:29:30.388Z [[31merror[39m] - POST /api/cars/upload 500 - Image file format webp not allowed
2025-05-04T23:29:30.388Z [[31merror[39m] - POST /api/cars/upload 500 - Image file format webp not allowed
2025-05-04T23:29:30.390Z [[32minfo[39m] - POST /api/cars/upload 500 48 - 880.593 ms
2025-05-04T23:29:52.309Z [[31merror[39m] - POST /api/cars/upload 500 - Image file format webp not allowed
2025-05-04T23:29:52.309Z [[31merror[39m] - POST /api/cars/upload 500 - Image file format webp not allowed
2025-05-04T23:29:52.312Z [[32minfo[39m] - POST /api/cars/upload 500 48 - 1712.632 ms
2025-05-04T23:32:23.227Z [[32minfo[39m] - OPTIONS /api/auth/login 204 0 - 1.476 ms
2025-05-04T23:32:23.327Z [[32minfo[39m] - POST /api/auth/login 200 338 - 93.464 ms
2025-05-04T23:33:22.965Z [[31merror[39m] - POST /api/cars/upload 500 - Image file format webp not allowed
2025-05-04T23:33:22.965Z [[31merror[39m] - POST /api/cars/upload 500 - Image file format webp not allowed
2025-05-04T23:33:22.967Z [[32minfo[39m] - POST /api/cars/upload 500 48 - 1101.933 ms
2025-05-04T23:33:45.178Z [[31merror[39m] - POST /api/cars/upload 500 - Image file format webp not allowed
2025-05-04T23:33:45.179Z [[31merror[39m] - POST /api/cars/upload 500 - Image file format webp not allowed
2025-05-04T23:33:45.181Z [[32minfo[39m] - POST /api/cars/upload 500 48 - 785.655 ms
2025-05-04T23:37:54.807Z [[32minfo[39m] - OPTIONS /api/auth/login 204 0 - 1.557 ms
2025-05-04T23:37:54.910Z [[32minfo[39m] - POST /api/auth/login 200 338 - 99.540 ms
2025-05-04T23:38:34.016Z [[32minfo[39m] - POST /api/cars/upload 200 109 - 11485.771 ms
2025-05-04T23:38:39.508Z [[32minfo[39m] - POST /api/cars 201 254 - 26.694 ms
2025-05-04T23:39:07.989Z [[32minfo[39m] - OPTIONS /api/cars/my 204 0 - 0.339 ms
2025-05-04T23:39:07.999Z [[32minfo[39m] - OPTIONS /api/cars/my 204 0 - 0.142 ms
2025-05-04T23:39:08.013Z [[31merror[39m] - GET /api/cars/my 500 - invalid input syntax for type integer: "my"
2025-05-04T23:39:08.013Z [[31merror[39m] - GET /api/cars/my 500 - invalid input syntax for type integer: "my"
2025-05-04T23:39:08.014Z [[32minfo[39m] - GET /api/cars/my 500 59 - 22.564 ms
2025-05-04T23:39:08.020Z [[31merror[39m] - GET /api/cars/my 500 - invalid input syntax for type integer: "my"
2025-05-04T23:39:08.020Z [[31merror[39m] - GET /api/cars/my 500 - invalid input syntax for type integer: "my"
2025-05-04T23:39:08.020Z [[32minfo[39m] - GET /api/cars/my 500 59 - 5.895 ms
2025-05-04T23:40:13.916Z [[32minfo[39m] - POST /api/cars/upload 200 109 - 9177.854 ms
2025-05-04T23:40:20.981Z [[32minfo[39m] - POST /api/cars/upload 200 109 - 4056.664 ms
2025-05-04T23:40:22.984Z [[32minfo[39m] - POST /api/cars 201 256 - 18.104 ms
2025-05-05T05:52:27.553Z [[32minfo[39m] - ✅ Server running on port 5001
2025-05-05T05:52:27.602Z [[32minfo[39m] - ✅ Connected to PostgreSQL database
2025-05-05T07:24:52.960Z [[32minfo[39m] - GET /api/cars 200 513 - 22.545 ms
2025-05-05T07:24:52.962Z [[32minfo[39m] - GET /api/cars 304 - - 0.790 ms
2025-05-05T07:25:11.027Z [[32minfo[39m] - OPTIONS /api/auth/login 204 0 - 0.655 ms
2025-05-05T07:25:11.132Z [[32minfo[39m] - POST /api/auth/login 200 338 - 103.679 ms
2025-05-05T07:25:16.007Z [[32minfo[39m] - OPTIONS /api/cars/my 204 0 - 0.202 ms
2025-05-05T07:25:16.010Z [[32minfo[39m] - OPTIONS /api/cars/my 204 0 - 0.245 ms
2025-05-05T07:25:16.013Z [[31merror[39m] - GET /api/cars/my 500 - invalid input syntax for type integer: "my"
2025-05-05T07:25:16.014Z [[31merror[39m] - GET /api/cars/my 500 - invalid input syntax for type integer: "my"
2025-05-05T07:25:16.017Z [[32minfo[39m] - GET /api/cars/my 500 59 - 7.439 ms
2025-05-05T07:25:16.027Z [[31merror[39m] - GET /api/cars/my 500 - invalid input syntax for type integer: "my"
2025-05-05T07:25:16.027Z [[31merror[39m] - GET /api/cars/my 500 - invalid input syntax for type integer: "my"
2025-05-05T07:25:16.028Z [[32minfo[39m] - GET /api/cars/my 500 59 - 7.857 ms
2025-05-05T07:25:22.630Z [[32minfo[39m] - OPTIONS /api/cars/my 204 0 - 0.162 ms
2025-05-05T07:25:22.632Z [[32minfo[39m] - OPTIONS /api/cars/my 204 0 - 0.100 ms
2025-05-05T07:25:22.642Z [[31merror[39m] - GET /api/cars/my 500 - invalid input syntax for type integer: "my"
2025-05-05T07:25:22.643Z [[31merror[39m] - GET /api/cars/my 500 - invalid input syntax for type integer: "my"
2025-05-05T07:25:22.645Z [[32minfo[39m] - GET /api/cars/my 500 59 - 13.376 ms
2025-05-05T07:25:22.653Z [[31merror[39m] - GET /api/cars/my 500 - invalid input syntax for type integer: "my"
2025-05-05T07:25:22.653Z [[31merror[39m] - GET /api/cars/my 500 - invalid input syntax for type integer: "my"
2025-05-05T07:25:22.654Z [[32minfo[39m] - GET /api/cars/my 500 59 - 7.408 ms
2025-05-05T07:25:27.994Z [[32minfo[39m] - GET /api/cars 304 - - 9.652 ms
2025-05-05T07:25:27.997Z [[32minfo[39m] - GET /api/cars 304 - - 1.680 ms
2025-05-05T07:26:25.697Z [[32minfo[39m] - GET /api/cars 304 - - 10.641 ms
2025-05-05T07:26:25.698Z [[32minfo[39m] - GET /api/cars 304 - - 0.472 ms
2025-05-05T07:26:39.270Z [[32minfo[39m] - OPTIONS /api/auth/login 204 0 - 0.309 ms
2025-05-05T07:26:39.356Z [[32minfo[39m] - POST /api/auth/login 200 338 - 84.222 ms
2025-05-05T07:26:42.774Z [[32minfo[39m] - OPTIONS /api/cars/my 204 0 - 0.289 ms
2025-05-05T07:26:42.776Z [[32minfo[39m] - OPTIONS /api/cars/my 204 0 - 0.175 ms
2025-05-05T07:26:42.779Z [[31merror[39m] - GET /api/cars/my 500 - invalid input syntax for type integer: "my"
2025-05-05T07:26:42.779Z [[31merror[39m] - GET /api/cars/my 500 - invalid input syntax for type integer: "my"
2025-05-05T07:26:42.780Z [[32minfo[39m] - GET /api/cars/my 500 59 - 2.723 ms
2025-05-05T07:26:42.790Z [[31merror[39m] - GET /api/cars/my 500 - invalid input syntax for type integer: "my"
2025-05-05T07:26:42.790Z [[31merror[39m] - GET /api/cars/my 500 - invalid input syntax for type integer: "my"
2025-05-05T07:26:42.791Z [[32minfo[39m] - GET /api/cars/my 500 59 - 9.413 ms
2025-05-05T07:26:50.651Z [[32minfo[39m] - OPTIONS /api/cars/my 204 0 - 0.327 ms
2025-05-05T07:26:50.653Z [[32minfo[39m] - OPTIONS /api/cars/my 204 0 - 0.186 ms
2025-05-05T07:26:50.660Z [[31merror[39m] - GET /api/cars/my 500 - invalid input syntax for type integer: "my"
2025-05-05T07:26:50.661Z [[31merror[39m] - GET /api/cars/my 500 - invalid input syntax for type integer: "my"
2025-05-05T07:26:50.662Z [[32minfo[39m] - GET /api/cars/my 500 59 - 9.235 ms
2025-05-05T07:26:50.668Z [[31merror[39m] - GET /api/cars/my 500 - invalid input syntax for type integer: "my"
2025-05-05T07:26:50.668Z [[31merror[39m] - GET /api/cars/my 500 - invalid input syntax for type integer: "my"
2025-05-05T07:26:50.669Z [[32minfo[39m] - GET /api/cars/my 500 59 - 6.379 ms
2025-05-05T07:26:56.379Z [[32minfo[39m] - GET /api/cars 304 - - 7.532 ms
2025-05-05T07:26:56.383Z [[32minfo[39m] - GET /api/cars 304 - - 2.641 ms
2025-05-05T07:27:53.049Z [[32minfo[39m] - GET /api/cars 304 - - 8.769 ms
2025-05-05T07:27:53.050Z [[32minfo[39m] - GET /api/cars 304 - - 0.461 ms
2025-05-05T07:27:59.573Z [[32minfo[39m] - OPTIONS /api/auth/login 204 0 - 0.311 ms
2025-05-05T07:27:59.656Z [[32minfo[39m] - POST /api/auth/login 200 338 - 81.940 ms
2025-05-05T07:28:02.436Z [[32minfo[39m] - OPTIONS /api/cars/my 204 0 - 0.086 ms
2025-05-05T07:28:02.437Z [[32minfo[39m] - OPTIONS /api/cars/my 204 0 - 0.044 ms
2025-05-05T07:28:02.439Z [[31merror[39m] - GET /api/cars/my 500 - invalid input syntax for type integer: "my"
2025-05-05T07:28:02.439Z [[31merror[39m] - GET /api/cars/my 500 - invalid input syntax for type integer: "my"
2025-05-05T07:28:02.441Z [[32minfo[39m] - GET /api/cars/my 500 59 - 2.763 ms
2025-05-05T07:28:02.461Z [[31merror[39m] - GET /api/cars/my 500 - invalid input syntax for type integer: "my"
2025-05-05T07:28:02.461Z [[31merror[39m] - GET /api/cars/my 500 - invalid input syntax for type integer: "my"
2025-05-05T07:28:02.473Z [[32minfo[39m] - GET /api/cars/my 500 59 - 25.133 ms
2025-05-05T07:28:10.773Z [[32minfo[39m] - GET /api/cars 304 - - 6.183 ms
2025-05-05T07:28:10.774Z [[32minfo[39m] - GET /api/cars 304 - - 0.759 ms
2025-05-05T07:29:21.068Z [[32minfo[39m] - GET /api/cars 304 - - 13.016 ms
2025-05-05T07:29:21.069Z [[32minfo[39m] - GET /api/cars 304 - - 0.377 ms
2025-05-05T07:29:27.131Z [[32minfo[39m] - OPTIONS /api/auth/login 204 0 - 0.093 ms
2025-05-05T07:29:27.200Z [[32minfo[39m] - POST /api/auth/login 200 338 - 67.170 ms
2025-05-05T07:29:30.775Z [[32minfo[39m] - OPTIONS /api/cars/my 204 0 - 0.212 ms
2025-05-05T07:29:30.779Z [[32minfo[39m] - OPTIONS /api/cars/my 204 0 - 0.077 ms
2025-05-05T07:29:30.779Z [[31merror[39m] - GET /api/cars/my 500 - invalid input syntax for type integer: "my"
2025-05-05T07:29:30.779Z [[31merror[39m] - GET /api/cars/my 500 - invalid input syntax for type integer: "my"
2025-05-05T07:29:30.780Z [[32minfo[39m] - GET /api/cars/my 500 59 - 2.077 ms
2025-05-05T07:29:30.790Z [[31merror[39m] - GET /api/cars/my 500 - invalid input syntax for type integer: "my"
2025-05-05T07:29:30.790Z [[31merror[39m] - GET /api/cars/my 500 - invalid input syntax for type integer: "my"
2025-05-05T07:29:30.791Z [[32minfo[39m] - GET /api/cars/my 500 59 - 8.480 ms
2025-05-05T07:29:35.049Z [[31merror[39m] - GET /api/cars/my 500 - invalid input syntax for type integer: "my"
2025-05-05T07:29:35.049Z [[31merror[39m] - GET /api/cars/my 500 - invalid input syntax for type integer: "my"
2025-05-05T07:29:35.050Z [[32minfo[39m] - GET /api/cars/my 500 59 - 8.189 ms
2025-05-05T07:29:35.059Z [[31merror[39m] - GET /api/cars/my 500 - invalid input syntax for type integer: "my"
2025-05-05T07:29:35.060Z [[31merror[39m] - GET /api/cars/my 500 - invalid input syntax for type integer: "my"
2025-05-05T07:29:35.061Z [[32minfo[39m] - GET /api/cars/my 500 59 - 9.168 ms
2025-05-05T07:58:47.477Z [[32minfo[39m] - ✅ Server running on port 5001
2025-05-05T07:58:47.501Z [[32minfo[39m] - ✅ Connected to PostgreSQL database
2025-05-05T07:58:58.097Z [[32minfo[39m] - GET /api/cars 304 - - 15.238 ms
2025-05-05T07:58:58.099Z [[32minfo[39m] - GET /api/cars 304 - - 0.882 ms
2025-05-05T07:59:05.095Z [[32minfo[39m] - OPTIONS /api/auth/login 204 0 - 0.636 ms
2025-05-05T07:59:05.189Z [[32minfo[39m] - POST /api/auth/login 200 338 - 90.957 ms
2025-05-05T07:59:08.591Z [[32minfo[39m] - OPTIONS /api/cars/my 204 0 - 0.239 ms
2025-05-05T07:59:08.594Z [[32minfo[39m] - OPTIONS /api/cars/my 204 0 - 0.147 ms
2025-05-05T07:59:08.596Z [[31merror[39m] - GET /api/cars/my 500 - invalid input syntax for type integer: "my"
2025-05-05T07:59:08.596Z [[31merror[39m] - GET /api/cars/my 500 - invalid input syntax for type integer: "my"
2025-05-05T07:59:08.597Z [[32minfo[39m] - GET /api/cars/my 500 59 - 4.247 ms
2025-05-05T07:59:08.607Z [[31merror[39m] - GET /api/cars/my 500 - invalid input syntax for type integer: "my"
2025-05-05T07:59:08.608Z [[31merror[39m] - GET /api/cars/my 500 - invalid input syntax for type integer: "my"
2025-05-05T07:59:08.609Z [[32minfo[39m] - GET /api/cars/my 500 59 - 9.764 ms
2025-05-05T07:59:16.901Z [[32minfo[39m] - OPTIONS /api/cars/my 204 0 - 0.674 ms
2025-05-05T07:59:16.903Z [[32minfo[39m] - OPTIONS /api/cars/my 204 0 - 0.084 ms
2025-05-05T07:59:16.908Z [[31merror[39m] - GET /api/cars/my 500 - invalid input syntax for type integer: "my"
2025-05-05T07:59:16.909Z [[31merror[39m] - GET /api/cars/my 500 - invalid input syntax for type integer: "my"
2025-05-05T07:59:16.911Z [[32minfo[39m] - GET /api/cars/my 500 59 - 8.022 ms
2025-05-05T07:59:16.919Z [[31merror[39m] - GET /api/cars/my 500 - invalid input syntax for type integer: "my"
2025-05-05T07:59:16.920Z [[31merror[39m] - GET /api/cars/my 500 - invalid input syntax for type integer: "my"
2025-05-05T07:59:16.920Z [[32minfo[39m] - GET /api/cars/my 500 59 - 6.545 ms
2025-05-05T07:59:28.288Z [[32minfo[39m] - OPTIONS /api/cars/my 204 0 - 0.304 ms
2025-05-05T07:59:28.291Z [[32minfo[39m] - OPTIONS /api/cars/my 204 0 - 0.337 ms
2025-05-05T07:59:28.298Z [[31merror[39m] - GET /api/cars/my 500 - invalid input syntax for type integer: "my"
2025-05-05T07:59:28.299Z [[31merror[39m] - GET /api/cars/my 500 - invalid input syntax for type integer: "my"
2025-05-05T07:59:28.299Z [[32minfo[39m] - GET /api/cars/my 500 59 - 9.998 ms
2025-05-05T07:59:28.306Z [[31merror[39m] - GET /api/cars/my 500 - invalid input syntax for type integer: "my"
2025-05-05T07:59:28.306Z [[31merror[39m] - GET /api/cars/my 500 - invalid input syntax for type integer: "my"
2025-05-05T07:59:28.307Z [[32minfo[39m] - GET /api/cars/my 500 59 - 6.718 ms
2025-05-05T07:59:32.081Z [[32minfo[39m] - GET /api/cars 304 - - 5.768 ms
2025-05-05T07:59:32.084Z [[32minfo[39m] - GET /api/cars 304 - - 1.735 ms
2025-05-05T07:59:36.364Z [[32minfo[39m] - OPTIONS /api/cars/my 204 0 - 0.225 ms
2025-05-05T07:59:36.366Z [[32minfo[39m] - OPTIONS /api/cars/my 204 0 - 0.149 ms
2025-05-05T07:59:36.367Z [[31merror[39m] - GET /api/cars/my 500 - invalid input syntax for type integer: "my"
2025-05-05T07:59:36.368Z [[31merror[39m] - GET /api/cars/my 500 - invalid input syntax for type integer: "my"
2025-05-05T07:59:36.368Z [[32minfo[39m] - GET /api/cars/my 500 59 - 1.766 ms
2025-05-05T07:59:36.376Z [[31merror[39m] - GET /api/cars/my 500 - invalid input syntax for type integer: "my"
2025-05-05T07:59:36.376Z [[31merror[39m] - GET /api/cars/my 500 - invalid input syntax for type integer: "my"
2025-05-05T07:59:36.377Z [[32minfo[39m] - GET /api/cars/my 500 59 - 7.243 ms
2025-05-05T08:09:12.068Z [[32minfo[39m] - GET /api/cars 304 - - 24.298 ms
2025-05-05T08:09:12.069Z [[32minfo[39m] - GET /api/cars 304 - - 0.583 ms
2025-05-05T08:09:17.249Z [[32minfo[39m] - OPTIONS /api/auth/login 204 0 - 0.362 ms
2025-05-05T08:09:17.331Z [[32minfo[39m] - POST /api/auth/login 200 338 - 81.393 ms
2025-05-05T08:09:20.460Z [[32minfo[39m] - OPTIONS /api/cars/my 204 0 - 0.163 ms
2025-05-05T08:09:20.461Z [[32minfo[39m] - OPTIONS /api/cars/my 204 0 - 0.084 ms
2025-05-05T08:09:20.464Z [[31merror[39m] - GET /api/cars/my 500 - invalid input syntax for type integer: "my"
2025-05-05T08:09:20.464Z [[31merror[39m] - GET /api/cars/my 500 - invalid input syntax for type integer: "my"
2025-05-05T08:09:20.465Z [[32minfo[39m] - GET /api/cars/my 500 59 - 4.000 ms
2025-05-05T08:09:20.472Z [[31merror[39m] - GET /api/cars/my 500 - invalid input syntax for type integer: "my"
2025-05-05T08:09:20.472Z [[31merror[39m] - GET /api/cars/my 500 - invalid input syntax for type integer: "my"
2025-05-05T08:09:20.473Z [[32minfo[39m] - GET /api/cars/my 500 59 - 5.367 ms
2025-05-05T08:16:31.705Z [[32minfo[39m] - ✅ Server running on port 5001
2025-05-05T08:16:31.737Z [[32minfo[39m] - ✅ Connected to PostgreSQL database
2025-05-05T08:16:38.311Z [[32minfo[39m] - ✅ Server running on port 5001
2025-05-05T08:16:38.447Z [[32minfo[39m] - ✅ Connected to PostgreSQL database
2025-05-05T08:16:50.704Z [[32minfo[39m] - GET /api/cars 304 - - 13.492 ms
2025-05-05T08:16:50.706Z [[32minfo[39m] - GET /api/cars 304 - - 0.708 ms
2025-05-05T08:16:56.423Z [[32minfo[39m] - OPTIONS /api/auth/login 204 0 - 0.604 ms
2025-05-05T08:16:56.521Z [[32minfo[39m] - POST /api/auth/login 200 338 - 96.112 ms
2025-05-05T08:17:02.739Z [[32minfo[39m] - OPTIONS /api/cars/my 204 0 - 0.468 ms
2025-05-05T08:17:02.741Z [[32minfo[39m] - OPTIONS /api/cars/my 204 0 - 0.166 ms
2025-05-05T08:17:02.743Z [[31merror[39m] - GET /api/cars/my 500 - invalid input syntax for type integer: "my"
2025-05-05T08:17:02.744Z [[31merror[39m] - GET /api/cars/my 500 - invalid input syntax for type integer: "my"
2025-05-05T08:17:02.746Z [[32minfo[39m] - GET /api/cars/my 500 59 - 5.492 ms
2025-05-05T08:17:02.754Z [[31merror[39m] - GET /api/cars/my 500 - invalid input syntax for type integer: "my"
2025-05-05T08:17:02.755Z [[31merror[39m] - GET /api/cars/my 500 - invalid input syntax for type integer: "my"
2025-05-05T08:17:02.756Z [[32minfo[39m] - GET /api/cars/my 500 59 - 8.380 ms
2025-05-05T08:28:38.939Z [[32minfo[39m] - ✅ Server running on port 5001
2025-05-05T08:28:38.972Z [[32minfo[39m] - ✅ Connected to PostgreSQL database
2025-05-05T08:28:53.374Z [[32minfo[39m] - ✅ Server running on port 5001
2025-05-05T08:28:53.404Z [[32minfo[39m] - ✅ Connected to PostgreSQL database
2025-05-05T08:29:19.340Z [[32minfo[39m] - GET /api/cars 304 - - 22.086 ms
2025-05-05T08:29:19.343Z [[32minfo[39m] - GET /api/cars 304 - - 1.658 ms
2025-05-05T08:29:26.144Z [[32minfo[39m] - OPTIONS /api/auth/login 204 0 - 0.330 ms
2025-05-05T08:29:26.238Z [[32minfo[39m] - POST /api/auth/login 200 338 - 91.641 ms
2025-05-05T08:29:31.394Z [[32minfo[39m] - OPTIONS /api/cars/my 204 0 - 0.267 ms
2025-05-05T08:29:31.397Z [[32minfo[39m] - GET /api/cars/my 400 28 - 0.901 ms
2025-05-05T08:29:31.398Z [[32minfo[39m] - OPTIONS /api/cars/my 204 0 - 0.102 ms
2025-05-05T08:29:31.400Z [[32minfo[39m] - GET /api/cars/my 400 28 - 0.744 ms
2025-05-05T08:41:43.707Z [[32minfo[39m] - ✅ Server running on port 5001
2025-05-05T08:41:43.734Z [[32minfo[39m] - ✅ Connected to PostgreSQL database
2025-05-05T08:41:51.436Z [[32minfo[39m] - ✅ Server running on port 5001
2025-05-05T08:41:51.454Z [[32minfo[39m] - ✅ Connected to PostgreSQL database
2025-05-05T08:42:00.511Z [[32minfo[39m] - GET /api/cars 304 - - 12.597 ms
2025-05-05T08:42:00.513Z [[32minfo[39m] - GET /api/cars 304 - - 0.769 ms
2025-05-05T08:42:05.020Z [[32minfo[39m] - OPTIONS /api/auth/login 204 0 - 0.754 ms
2025-05-05T08:42:05.112Z [[32minfo[39m] - POST /api/auth/login 200 338 - 90.247 ms
2025-05-05T08:42:08.407Z [[32minfo[39m] - OPTIONS /api/cars/my 204 0 - 0.169 ms
2025-05-05T08:42:08.410Z [[32minfo[39m] - GET /api/cars/my 400 28 - 0.785 ms
2025-05-05T08:42:08.411Z [[32minfo[39m] - OPTIONS /api/cars/my 204 0 - 0.092 ms
2025-05-05T08:42:08.412Z [[32minfo[39m] - GET /api/cars/my 400 28 - 0.434 ms
2025-05-05T08:46:00.807Z [[32minfo[39m] - GET /api/cars 304 - - 1484.931 ms
2025-05-05T08:46:00.814Z [[32minfo[39m] - GET /api/cars 304 - - 2.583 ms
2025-05-05T08:46:04.197Z [[32minfo[39m] - OPTIONS /api/auth/login 204 0 - 0.367 ms
2025-05-05T08:46:04.277Z [[32minfo[39m] - POST /api/auth/login 200 338 - 79.263 ms
2025-05-05T08:46:07.519Z [[32minfo[39m] - OPTIONS /api/cars/my 204 0 - 0.258 ms
2025-05-05T08:46:07.520Z [[32minfo[39m] - GET /api/cars/my 400 28 - 0.271 ms
2025-05-05T08:46:07.521Z [[32minfo[39m] - OPTIONS /api/cars/my 204 0 - 0.092 ms
2025-05-05T08:46:07.522Z [[32minfo[39m] - GET /api/cars/my 400 28 - 0.349 ms
2025-05-05T08:47:45.119Z [[32minfo[39m] - ✅ Server running on port 5001
2025-05-05T08:47:45.140Z [[32minfo[39m] - ✅ Connected to PostgreSQL database
2025-05-05T08:47:52.559Z [[32minfo[39m] - ✅ Server running on port 5001
2025-05-05T08:47:52.571Z [[32minfo[39m] - ✅ Connected to PostgreSQL database
2025-05-05T08:48:02.142Z [[32minfo[39m] - GET /api/cars 304 - - 5.454 ms
2025-05-05T08:48:02.143Z [[32minfo[39m] - GET /api/cars 304 - - 0.640 ms
2025-05-05T08:48:06.995Z [[32minfo[39m] - OPTIONS /api/auth/login 204 0 - 0.706 ms
2025-05-05T08:48:07.090Z [[32minfo[39m] - POST /api/auth/login 200 338 - 92.302 ms
2025-05-05T08:48:10.472Z [[32minfo[39m] - OPTIONS /api/cars/my 204 0 - 0.295 ms
2025-05-05T08:48:10.475Z [[32minfo[39m] - GET /api/cars/my 400 28 - 0.650 ms
2025-05-05T08:48:10.476Z [[32minfo[39m] - OPTIONS /api/cars/my 204 0 - 0.122 ms
2025-05-05T08:48:10.478Z [[32minfo[39m] - GET /api/cars/my 400 28 - 0.374 ms
2025-05-05T08:53:45.080Z [[32minfo[39m] - ✅ Server running on port 5001
2025-05-05T08:53:45.098Z [[32minfo[39m] - ✅ Connected to PostgreSQL database
2025-05-05T08:53:50.963Z [[32minfo[39m] - ✅ Server running on port 5001
2025-05-05T08:53:50.977Z [[32minfo[39m] - ✅ Connected to PostgreSQL database
2025-05-05T08:53:58.311Z [[32minfo[39m] - ✅ Server running on port 5001
2025-05-05T08:53:58.327Z [[32minfo[39m] - ✅ Connected to PostgreSQL database
2025-05-05T08:54:02.786Z [[32minfo[39m] - GET /api/cars 304 - - 5.837 ms
2025-05-05T08:54:02.787Z [[32minfo[39m] - GET /api/cars 304 - - 0.944 ms
2025-05-05T08:54:07.463Z [[32minfo[39m] - OPTIONS /api/auth/login 204 0 - 0.567 ms
2025-05-05T08:54:07.559Z [[32minfo[39m] - POST /api/auth/login 200 338 - 94.235 ms
2025-05-05T08:54:10.770Z [[32minfo[39m] - OPTIONS /api/cars/my 204 0 - 0.080 ms
2025-05-05T08:54:10.771Z [[32minfo[39m] - OPTIONS /api/cars/my 204 0 - 0.119 ms
2025-05-05T08:54:10.772Z [[32minfo[39m] - GET /api/cars/my 400 28 - 0.338 ms
2025-05-05T08:54:10.774Z [[32minfo[39m] - GET /api/cars/my 400 28 - 0.319 ms
2025-05-05T08:58:24.472Z [[32minfo[39m] - ✅ Server running on port 5001
2025-05-05T08:58:24.499Z [[32minfo[39m] - ✅ Connected to PostgreSQL database
2025-05-05T08:58:31.694Z [[32minfo[39m] - ✅ Server running on port 5001
2025-05-05T08:58:31.707Z [[32minfo[39m] - ✅ Connected to PostgreSQL database
2025-05-05T08:59:25.607Z [[32minfo[39m] - GET /api/cars 304 - - 13.049 ms
2025-05-05T08:59:25.609Z [[32minfo[39m] - GET /api/cars 304 - - 0.891 ms
2025-05-05T08:59:30.010Z [[32minfo[39m] - OPTIONS /api/auth/login 204 0 - 0.324 ms
2025-05-05T08:59:30.108Z [[32minfo[39m] - POST /api/auth/login 200 338 - 96.934 ms
2025-05-05T08:59:33.336Z [[32minfo[39m] - OPTIONS /api/cars/my 204 0 - 0.253 ms
2025-05-05T08:59:33.337Z [[32minfo[39m] - OPTIONS /api/cars/my 204 0 - 0.084 ms
2025-05-05T08:59:33.339Z [[32minfo[39m] - GET /api/cars/my 400 28 - 0.890 ms
2025-05-05T08:59:33.341Z [[32minfo[39m] - GET /api/cars/my 400 28 - 0.362 ms
2025-05-05T09:18:08.598Z [[32minfo[39m] - ✅ Server running on port 5001
2025-05-05T09:18:08.953Z [[32minfo[39m] - ✅ Connected to PostgreSQL database
2025-05-05T09:18:22.231Z [[32minfo[39m] - GET /api/cars 304 - - 67.090 ms
2025-05-05T09:18:22.233Z [[32minfo[39m] - GET /api/cars 304 - - 1.078 ms
2025-05-05T09:18:27.509Z [[32minfo[39m] - OPTIONS /api/auth/login 204 0 - 0.881 ms
2025-05-05T09:18:27.636Z [[32minfo[39m] - POST /api/auth/login 200 338 - 123.564 ms
2025-05-05T09:18:30.912Z [[32minfo[39m] - OPTIONS /api/cars/my 204 0 - 0.584 ms
2025-05-05T09:18:30.914Z [[32minfo[39m] - OPTIONS /api/cars/my 204 0 - 0.170 ms
2025-05-05T09:18:30.919Z [[32minfo[39m] - GET /api/cars/my 400 28 - 3.114 ms
2025-05-05T09:18:30.926Z [[32minfo[39m] - GET /api/cars/my 400 28 - 1.234 ms
2025-05-05T10:30:54.075Z [[32minfo[39m] - ✅ Server running on port 5001
2025-05-05T10:30:54.107Z [[32minfo[39m] - ✅ Connected to PostgreSQL database
2025-05-05T10:31:18.887Z [[32minfo[39m] - ✅ Server running on port 5001
2025-05-05T10:31:18.901Z [[32minfo[39m] - ✅ Connected to PostgreSQL database
2025-05-05T10:31:21.276Z [[32minfo[39m] - ✅ Server running on port 5001
2025-05-05T10:31:21.291Z [[32minfo[39m] - ✅ Connected to PostgreSQL database
2025-05-05T10:31:45.984Z [[32minfo[39m] - ✅ Server running on port 5001
2025-05-05T10:31:46.000Z [[32minfo[39m] - ✅ Connected to PostgreSQL database
2025-05-05T10:32:56.889Z [[32minfo[39m] - ✅ Server running on port 5001
2025-05-05T10:32:56.904Z [[32minfo[39m] - ✅ Connected to PostgreSQL database
2025-05-05T10:32:58.067Z [[32minfo[39m] - ✅ Server running on port 5001
2025-05-05T10:32:58.078Z [[32minfo[39m] - ✅ Connected to PostgreSQL database
2025-05-05T10:34:05.326Z [[32minfo[39m] - ✅ Server running on port 5001
2025-05-05T10:34:05.342Z [[32minfo[39m] - ✅ Connected to PostgreSQL database
2025-05-05T10:38:31.673Z [[32minfo[39m] - ✅ Server running on port 5001
2025-05-05T10:38:31.689Z [[32minfo[39m] - ✅ Connected to PostgreSQL database
2025-05-05T10:39:11.867Z [[32minfo[39m] - ✅ Server running on port 5001
2025-05-05T10:39:11.883Z [[32minfo[39m] - ✅ Connected to PostgreSQL database
2025-05-05T10:39:53.656Z [[32minfo[39m] - ✅ Server running on port 5001
2025-05-05T10:39:53.670Z [[32minfo[39m] - ✅ Connected to PostgreSQL database
2025-05-05T10:40:51.346Z [[32minfo[39m] - ✅ Server running on port 5001
2025-05-05T10:40:51.359Z [[32minfo[39m] - ✅ Connected to PostgreSQL database
2025-05-05T10:40:59.916Z [[32minfo[39m] - GET /api/cars 304 - - 8.787 ms
2025-05-05T10:40:59.918Z [[32minfo[39m] - GET /api/cars 304 - - 0.824 ms
2025-05-05T10:41:04.343Z [[32minfo[39m] - OPTIONS /api/auth/login 204 0 - 0.538 ms
2025-05-05T10:41:04.440Z [[32minfo[39m] - POST /api/auth/login 200 338 - 95.685 ms
2025-05-05T10:41:07.166Z [[32minfo[39m] - OPTIONS /api/cars/my 204 0 - 0.128 ms
2025-05-05T10:41:07.169Z [[32minfo[39m] - GET /api/cars/my 400 28 - 1.142 ms
2025-05-05T10:41:07.170Z [[32minfo[39m] - OPTIONS /api/cars/my 204 0 - 0.114 ms
2025-05-05T10:41:07.172Z [[32minfo[39m] - GET /api/cars/my 400 28 - 0.411 ms
2025-05-05T10:45:17.673Z [[32minfo[39m] - ✅ Server running on port 5001
2025-05-05T10:45:17.688Z [[32minfo[39m] - ✅ Connected to PostgreSQL database
2025-05-05T10:45:18.514Z [[32minfo[39m] - ✅ Server running on port 5001
2025-05-05T10:45:18.529Z [[32minfo[39m] - ✅ Connected to PostgreSQL database
2025-05-05T10:51:38.778Z [[32minfo[39m] - ✅ Server running on port 5001
2025-05-05T10:51:38.793Z [[32minfo[39m] - ✅ Connected to PostgreSQL database
2025-05-05T10:52:07.965Z [[32minfo[39m] - ✅ Server running on port 5001
2025-05-05T10:52:07.981Z [[32minfo[39m] - ✅ Connected to PostgreSQL database
2025-05-05T10:52:09.817Z [[32minfo[39m] - ✅ Server running on port 5001
2025-05-05T10:52:09.833Z [[32minfo[39m] - ✅ Connected to PostgreSQL database
2025-05-05T10:52:35.491Z [[32minfo[39m] - ✅ Server running on port 5001
2025-05-05T10:52:35.509Z [[32minfo[39m] - ✅ Connected to PostgreSQL database
2025-05-05T10:53:26.168Z [[32minfo[39m] - ✅ Server running on port 5001
2025-05-05T10:53:26.185Z [[32minfo[39m] - ✅ Connected to PostgreSQL database
2025-05-05T10:53:36.357Z [[32minfo[39m] - GET /api/cars 304 - - 16.589 ms
2025-05-05T10:53:36.359Z [[32minfo[39m] - GET /api/cars 304 - - 0.782 ms
2025-05-05T10:53:41.451Z [[32minfo[39m] - OPTIONS /api/auth/login 204 0 - 0.744 ms
2025-05-05T10:53:41.545Z [[32minfo[39m] - POST /api/auth/login 200 338 - 91.716 ms
2025-05-05T10:53:45.125Z [[32minfo[39m] - OPTIONS /api/cars/my 204 0 - 0.120 ms
2025-05-05T10:53:45.127Z [[32minfo[39m] - GET /api/cars/my 400 28 - 0.459 ms
2025-05-05T10:53:45.128Z [[32minfo[39m] - OPTIONS /api/cars/my 204 0 - 0.082 ms
2025-05-05T10:53:45.129Z [[32minfo[39m] - GET /api/cars/my 400 28 - 0.357 ms
2025-05-05T10:53:57.210Z [[32minfo[39m] - GET /api/cars/my 400 28 - 0.443 ms
2025-05-05T10:53:57.427Z [[32minfo[39m] - GET /favicon.ico 404 150 - 2.906 ms
2025-05-05T10:59:59.483Z [[32minfo[39m] - GET /api/cars 304 - - 24.092 ms
2025-05-05T10:59:59.485Z [[32minfo[39m] - GET /api/cars 304 - - 0.810 ms
2025-05-05T11:00:03.713Z [[32minfo[39m] - OPTIONS /api/auth/login 204 0 - 0.300 ms
2025-05-05T11:00:03.797Z [[32minfo[39m] - POST /api/auth/login 200 338 - 82.330 ms
2025-05-05T11:00:07.135Z [[32minfo[39m] - OPTIONS /api/cars/my 204 0 - 0.126 ms
2025-05-05T11:00:07.137Z [[32minfo[39m] - GET /api/cars/my 400 28 - 0.478 ms
2025-05-05T11:00:07.138Z [[32minfo[39m] - OPTIONS /api/cars/my 204 0 - 0.111 ms
2025-05-05T11:00:07.139Z [[32minfo[39m] - GET /api/cars/my 400 28 - 0.274 ms
2025-05-05T11:01:19.781Z [[32minfo[39m] - ✅ Server running on port 5001
2025-05-05T11:01:19.799Z [[32minfo[39m] - ✅ Connected to PostgreSQL database
2025-05-05T11:01:28.001Z [[32minfo[39m] - GET /api/cars 304 - - 6.284 ms
2025-05-05T11:01:28.003Z [[32minfo[39m] - GET /api/cars 304 - - 0.739 ms
2025-05-05T11:01:33.925Z [[32minfo[39m] - OPTIONS /api/auth/login 204 0 - 1.573 ms
2025-05-05T11:01:34.016Z [[32minfo[39m] - POST /api/auth/login 200 338 - 89.839 ms
2025-05-05T11:01:36.747Z [[32minfo[39m] - OPTIONS /api/cars/my 204 0 - 0.126 ms
2025-05-05T11:01:36.749Z [[32minfo[39m] - GET /api/cars/my 400 28 - 0.916 ms
2025-05-05T11:01:36.750Z [[32minfo[39m] - OPTIONS /api/cars/my 204 0 - 0.120 ms
2025-05-05T11:01:36.752Z [[32minfo[39m] - GET /api/cars/my 400 28 - 0.449 ms
2025-05-05T11:02:44.532Z [[32minfo[39m] - ✅ Server running on port 5001
2025-05-05T11:02:44.550Z [[32minfo[39m] - ✅ Connected to PostgreSQL database
2025-05-05T11:02:51.201Z [[32minfo[39m] - GET /api/cars 304 - - 6.066 ms
2025-05-05T11:02:51.203Z [[32minfo[39m] - GET /api/cars 304 - - 0.833 ms
2025-05-05T11:02:56.215Z [[32minfo[39m] - OPTIONS /api/auth/login 204 0 - 0.829 ms
2025-05-05T11:02:56.312Z [[32minfo[39m] - POST /api/auth/login 200 338 - 93.936 ms
2025-05-05T11:02:58.710Z [[32minfo[39m] - OPTIONS /api/cars/my 204 0 - 0.624 ms
2025-05-05T11:02:58.713Z [[32minfo[39m] - GET /api/cars/my 400 28 - 0.916 ms
2025-05-05T11:02:58.714Z [[32minfo[39m] - OPTIONS /api/cars/my 204 0 - 0.272 ms
2025-05-05T11:02:58.716Z [[32minfo[39m] - GET /api/cars/my 400 28 - 0.579 ms
2025-05-05T11:03:30.676Z [[31merror[39m] - POST /api/cars/upload 500 - Image file format webp not allowed
2025-05-05T11:03:30.676Z [[31merror[39m] - POST /api/cars/upload 500 - Image file format webp not allowed
2025-05-05T11:03:30.677Z [[32minfo[39m] - POST /api/cars/upload 500 48 - 1009.019 ms
2025-05-05T11:04:30.754Z [[32minfo[39m] - GET /api/cars 304 - - 14.791 ms
2025-05-05T11:04:30.757Z [[32minfo[39m] - GET /api/cars 304 - - 0.956 ms
2025-05-05T11:04:35.311Z [[32minfo[39m] - OPTIONS /api/auth/login 204 0 - 0.162 ms
2025-05-05T11:04:35.403Z [[32minfo[39m] - POST /api/auth/login 200 338 - 90.393 ms
2025-05-05T11:05:08.418Z [[31merror[39m] - POST /api/cars/upload 500 - Image file format webp not allowed
2025-05-05T11:05:08.419Z [[31merror[39m] - POST /api/cars/upload 500 - Image file format webp not allowed
2025-05-05T11:05:08.420Z [[32minfo[39m] - POST /api/cars/upload 500 48 - 1869.500 ms
2025-05-05T11:06:41.064Z [[32minfo[39m] - GET /api/cars 304 - - 40.784 ms
2025-05-05T11:06:41.066Z [[32minfo[39m] - GET /api/cars 304 - - 0.728 ms
2025-05-05T11:06:48.103Z [[32minfo[39m] - OPTIONS /api/auth/login 204 0 - 0.357 ms
2025-05-05T11:06:48.191Z [[32minfo[39m] - POST /api/auth/login 200 338 - 87.359 ms
2025-05-05T11:07:43.294Z [[31merror[39m] - POST /api/cars/upload 500 - Image file format webp not allowed
2025-05-05T11:07:43.295Z [[31merror[39m] - POST /api/cars/upload 500 - Image file format webp not allowed
2025-05-05T11:07:43.295Z [[32minfo[39m] - POST /api/cars/upload 500 48 - 1020.430 ms
2025-05-05T11:07:50.804Z [[31merror[39m] - POST /api/cars/upload 500 - Image file format webp not allowed
2025-05-05T11:07:50.805Z [[31merror[39m] - POST /api/cars/upload 500 - Image file format webp not allowed
2025-05-05T11:07:50.806Z [[32minfo[39m] - POST /api/cars/upload 500 48 - 752.146 ms
2025-05-05T11:08:26.355Z [[32minfo[39m] - ✅ Server running on port 5001
2025-05-05T11:08:26.375Z [[32minfo[39m] - ✅ Connected to PostgreSQL database
2025-05-05T11:08:32.197Z [[32minfo[39m] - GET /api/cars 304 - - 15.553 ms
2025-05-05T11:08:32.199Z [[32minfo[39m] - GET /api/cars 304 - - 0.848 ms
2025-05-05T11:08:36.284Z [[32minfo[39m] - OPTIONS /api/auth/login 204 0 - 0.585 ms
2025-05-05T11:08:36.380Z [[32minfo[39m] - POST /api/auth/login 200 338 - 93.848 ms
2025-05-05T11:09:13.001Z [[31merror[39m] - POST /api/cars/upload 500 - Image file format webp not allowed
2025-05-05T11:09:13.002Z [[31merror[39m] - POST /api/cars/upload 500 - Image file format webp not allowed
2025-05-05T11:09:13.004Z [[32minfo[39m] - POST /api/cars/upload 500 48 - 3476.163 ms
2025-05-05T11:13:49.457Z [[32minfo[39m] - ✅ Server running on port 5001
2025-05-05T11:13:49.491Z [[32minfo[39m] - ✅ Connected to PostgreSQL database
2025-05-05T11:14:01.681Z [[32minfo[39m] - ✅ Server running on port 5001
2025-05-05T11:14:01.694Z [[32minfo[39m] - ✅ Connected to PostgreSQL database
2025-05-05T11:14:15.975Z [[32minfo[39m] - GET /api/cars 304 - - 12.954 ms
2025-05-05T11:14:15.976Z [[32minfo[39m] - GET /api/cars 304 - - 0.757 ms
2025-05-05T11:14:21.308Z [[32minfo[39m] - OPTIONS /api/auth/login 204 0 - 0.311 ms
2025-05-05T11:14:21.398Z [[32minfo[39m] - POST /api/auth/login 200 338 - 87.824 ms
2025-05-05T11:14:53.724Z [[32minfo[39m] - POST /api/cars/upload 200 110 - 1850.966 ms
2025-05-05T11:14:58.327Z [[32minfo[39m] - POST /api/cars/upload 200 110 - 927.996 ms
2025-05-05T11:15:03.435Z [[32minfo[39m] - POST /api/cars 201 260 - 22.615 ms
2025-05-05T11:15:25.782Z [[32minfo[39m] - GET /api/cars 200 774 - 22.946 ms
2025-05-05T11:15:25.785Z [[32minfo[39m] - GET /api/cars 304 - - 1.043 ms
2025-05-05T11:16:42.119Z [[32minfo[39m] - GET /api/cars 304 - - 30.387 ms
2025-05-05T11:16:42.120Z [[32minfo[39m] - GET /api/cars 304 - - 0.744 ms
2025-05-05T11:16:43.652Z [[32minfo[39m] - GET /api/cars 304 - - 2.293 ms
2025-05-05T11:16:43.656Z [[32minfo[39m] - GET /api/cars 304 - - 2.045 ms
2025-05-05T11:24:48.045Z [[32minfo[39m] - GET /api/cars 304 - - 20.988 ms
2025-05-05T11:24:48.047Z [[32minfo[39m] - GET /api/cars 304 - - 0.677 ms
2025-05-05T11:24:48.048Z [[32minfo[39m] - GET /api/cars 304 - - 0.424 ms
2025-05-05T11:24:48.049Z [[32minfo[39m] - GET /api/cars 304 - - 0.343 ms
2025-05-05T11:24:55.942Z [[32minfo[39m] - GET /api/cars 304 - - 1.637 ms
2025-05-05T11:24:55.944Z [[32minfo[39m] - GET /api/cars 304 - - 1.381 ms
2025-05-05T11:24:55.945Z [[32minfo[39m] - GET /api/cars 304 - - 0.538 ms
2025-05-05T11:24:55.946Z [[32minfo[39m] - GET /api/cars 304 - - 0.450 ms
2025-05-05T11:24:59.932Z [[32minfo[39m] - GET /api/cars 304 - - 3.161 ms
2025-05-05T11:24:59.935Z [[32minfo[39m] - GET /api/cars 304 - - 1.459 ms
2025-05-05T11:24:59.936Z [[32minfo[39m] - GET /api/cars 304 - - 0.779 ms
2025-05-05T11:24:59.937Z [[32minfo[39m] - GET /api/cars 304 - - 0.441 ms
2025-05-05T11:25:01.906Z [[32minfo[39m] - GET /api/cars 304 - - 1.856 ms
2025-05-05T11:25:01.907Z [[32minfo[39m] - GET /api/cars 304 - - 0.534 ms
2025-05-05T11:25:01.909Z [[32minfo[39m] - GET /api/cars 304 - - 0.797 ms
2025-05-05T11:25:01.911Z [[32minfo[39m] - GET /api/cars 304 - - 0.771 ms
2025-05-05T11:25:04.924Z [[32minfo[39m] - GET /api/cars 304 - - 0.936 ms
2025-05-05T11:25:04.926Z [[32minfo[39m] - GET /api/cars 304 - - 0.654 ms
2025-05-05T11:25:04.928Z [[32minfo[39m] - GET /api/cars 304 - - 0.678 ms
2025-05-05T11:25:04.929Z [[32minfo[39m] - GET /api/cars 304 - - 0.625 ms
2025-05-05T11:26:23.013Z [[32minfo[39m] - ✅ Server running on port 5001
2025-05-05T11:26:23.028Z [[32minfo[39m] - ✅ Connected to PostgreSQL database
2025-05-05T11:26:27.469Z [[32minfo[39m] - GET /api/cars 304 - - 14.753 ms
2025-05-05T11:26:27.472Z [[32minfo[39m] - GET /api/cars 304 - - 2.424 ms
2025-05-05T11:26:57.236Z [[32minfo[39m] - GET /api/cars 304 - - 8.874 ms
2025-05-05T11:26:57.239Z [[32minfo[39m] - GET /api/cars 304 - - 1.632 ms
2025-05-05T11:28:40.237Z [[32minfo[39m] - GET /api/cars 304 - - 36.567 ms
2025-05-05T11:28:40.239Z [[32minfo[39m] - GET /api/cars 304 - - 0.966 ms
2025-05-05T11:28:43.818Z [[32minfo[39m] - GET /api/cars 304 - - 24.603 ms
2025-05-05T11:28:43.820Z [[32minfo[39m] - GET /api/cars 304 - - 1.159 ms
2025-05-05T11:28:51.122Z [[32minfo[39m] - OPTIONS /api/auth/login 204 0 - 1.008 ms
2025-05-05T11:28:51.219Z [[32minfo[39m] - POST /api/auth/login 200 338 - 95.893 ms
2025-05-05T11:29:28.933Z [[32minfo[39m] - POST /api/cars/upload 200 110 - 1395.946 ms
2025-05-05T11:29:30.162Z [[32minfo[39m] - POST /api/cars 201 257 - 23.808 ms
2025-05-05T11:29:33.141Z [[32minfo[39m] - GET /api/cars 200 1032 - 2.098 ms
2025-05-05T11:29:33.143Z [[32minfo[39m] - GET /api/cars 304 - - 1.239 ms
2025-05-05T11:33:45.342Z [[32minfo[39m] - GET /api/cars 304 - - 13.224 ms
2025-05-05T11:33:45.345Z [[32minfo[39m] - GET /api/cars 304 - - 0.958 ms
2025-05-05T11:46:49.978Z [[32minfo[39m] - OPTIONS /api/cars/my 204 0 - 1.630 ms
2025-05-05T11:46:49.989Z [[32minfo[39m] - GET /api/cars/my 400 28 - 7.727 ms
2025-05-05T11:46:49.989Z [[32minfo[39m] - OPTIONS /api/cars/my 204 0 - 0.182 ms
2025-05-05T11:46:49.992Z [[32minfo[39m] - GET /api/cars/my 400 28 - 0.286 ms
2025-05-05T11:46:54.636Z [[32minfo[39m] - GET /api/cars 304 - - 31.660 ms
2025-05-05T11:46:54.638Z [[32minfo[39m] - GET /api/cars 304 - - 1.161 ms
2025-05-05T11:47:12.036Z [[32minfo[39m] - GET /api/cars 304 - - 10.449 ms
2025-05-05T11:47:12.038Z [[32minfo[39m] - GET /api/cars 304 - - 1.588 ms
2025-05-05T11:49:27.518Z [[32minfo[39m] - GET /api/cars 304 - - 91.664 ms
2025-05-05T11:49:27.524Z [[32minfo[39m] - GET /api/cars 304 - - 4.038 ms
2025-05-05T12:31:16.058Z [[32minfo[39m] - GET /api/cars 304 - - 60.405 ms
2025-05-05T12:31:16.065Z [[32minfo[39m] - GET /api/cars 304 - - 0.852 ms
2025-05-05T12:55:41.932Z [[32minfo[39m] - GET /api/cars 304 - - 31.949 ms
2025-05-05T12:55:41.933Z [[32minfo[39m] - GET /api/cars 304 - - 0.771 ms
2025-05-05T13:05:53.491Z [[32minfo[39m] - GET /api/cars 304 - - 28.366 ms
2025-05-05T13:05:53.492Z [[32minfo[39m] - GET /api/cars 304 - - 0.651 ms
2025-05-05T13:05:58.158Z [[32minfo[39m] - OPTIONS /api/auth/login 204 0 - 0.483 ms
2025-05-05T13:05:58.242Z [[32minfo[39m] - POST /api/auth/login 200 338 - 83.380 ms
2025-05-05T13:08:07.875Z [[32minfo[39m] - POST /api/cars/upload 200 110 - 1491.653 ms
2025-05-05T13:08:11.210Z [[32minfo[39m] - POST /api/cars 201 256 - 31.550 ms
2025-05-05T13:08:36.689Z [[32minfo[39m] - GET /api/cars 200 1289 - 10.370 ms
2025-05-05T13:08:36.691Z [[32minfo[39m] - GET /api/cars 304 - - 1.068 ms
2025-05-05T13:13:02.018Z [[32minfo[39m] - GET /api/cars 304 - - 26.663 ms
2025-05-05T13:13:02.019Z [[32minfo[39m] - GET /api/cars 304 - - 0.402 ms
2025-05-05T13:14:32.012Z [[32minfo[39m] - GET /api/cars 304 - - 16.458 ms
2025-05-05T13:14:32.013Z [[32minfo[39m] - GET /api/cars 304 - - 0.433 ms
2025-05-05T13:14:44.139Z [[32minfo[39m] - ✅ Server running on port 5001
2025-05-05T13:14:44.155Z [[32minfo[39m] - ✅ Connected to PostgreSQL database
2025-05-05T13:14:51.541Z [[32minfo[39m] - GET /api/cars 304 - - 6.880 ms
2025-05-05T13:14:51.542Z [[32minfo[39m] - GET /api/cars 304 - - 0.712 ms
2025-05-05T13:14:51.909Z [[32minfo[39m] - GET /api/cars 304 - - 1.234 ms
2025-05-05T13:14:51.910Z [[32minfo[39m] - GET /api/cars 304 - - 0.589 ms
2025-05-05T13:14:57.815Z [[32minfo[39m] - GET /api/cars 304 - - 1.851 ms
2025-05-05T13:14:57.817Z [[32minfo[39m] - GET /api/cars 304 - - 1.004 ms
2025-05-05T13:19:57.089Z [[32minfo[39m] - GET /api/cars 304 - - 22.166 ms
2025-05-05T13:19:57.090Z [[32minfo[39m] - GET /api/cars 304 - - 0.505 ms
2025-05-05T13:20:10.009Z [[32minfo[39m] - ✅ Server running on port 5001
2025-05-05T13:20:10.025Z [[32minfo[39m] - ✅ Connected to PostgreSQL database
2025-05-05T13:20:16.020Z [[32minfo[39m] - GET /api/cars 304 - - 7.480 ms
2025-05-05T13:20:16.022Z [[32minfo[39m] - GET /api/cars 304 - - 0.899 ms
2025-05-05T13:20:16.820Z [[32minfo[39m] - GET /api/cars 304 - - 2.422 ms
2025-05-05T13:20:16.826Z [[32minfo[39m] - GET /api/cars 304 - - 1.206 ms
2025-05-05T13:21:40.160Z [[32minfo[39m] - GET /api/cars 304 - - 10.825 ms
2025-05-05T13:21:40.161Z [[32minfo[39m] - GET /api/cars 304 - - 0.508 ms
2025-05-05T13:21:45.587Z [[32minfo[39m] - GET /api/cars 304 - - 1.634 ms
2025-05-05T13:21:45.590Z [[32minfo[39m] - GET /api/cars 304 - - 1.399 ms
2025-05-05T13:21:52.180Z [[32minfo[39m] - OPTIONS /api/auth/login 204 0 - 2.211 ms
2025-05-05T13:21:52.275Z [[32minfo[39m] - POST /api/auth/login 200 338 - 93.536 ms
2025-05-05T13:21:56.110Z [[32minfo[39m] - OPTIONS /api/cars/my 204 0 - 0.282 ms
2025-05-05T13:21:56.111Z [[32minfo[39m] - OPTIONS /api/cars/my 204 0 - 0.185 ms
2025-05-05T13:21:56.113Z [[32minfo[39m] - GET /api/cars/my 400 28 - 0.757 ms
2025-05-05T13:21:56.114Z [[32minfo[39m] - GET /api/cars/my 400 28 - 0.264 ms
2025-05-05T13:22:03.787Z [[32minfo[39m] - GET /api/cars 304 - - 13.118 ms
2025-05-05T13:22:03.789Z [[32minfo[39m] - GET /api/cars 304 - - 0.966 ms
2025-05-05T13:22:25.562Z [[32minfo[39m] - ✅ Server running on port 5001
2025-05-05T13:22:25.575Z [[32minfo[39m] - ✅ Connected to PostgreSQL database
2025-05-05T13:22:32.898Z [[32minfo[39m] - GET /api/cars 304 - - 4.496 ms
2025-05-05T13:22:32.899Z [[32minfo[39m] - GET /api/cars 304 - - 0.798 ms
2025-05-05T13:22:33.420Z [[32minfo[39m] - GET /api/cars 304 - - 1.460 ms
2025-05-05T13:22:33.421Z [[32minfo[39m] - GET /api/cars 304 - - 0.573 ms
2025-05-05T13:25:37.760Z [[32minfo[39m] - GET /api/cars 304 - - 116.813 ms
2025-05-05T13:25:37.765Z [[32minfo[39m] - GET /api/cars 304 - - 1.125 ms
2025-05-05T13:25:37.768Z [[32minfo[39m] - GET /api/cars 304 - - 1.169 ms
2025-05-05T13:25:37.772Z [[32minfo[39m] - GET /api/cars 304 - - 2.724 ms
2025-05-05T13:38:29.723Z [[32minfo[39m] - GET /api/cars 304 - - 264.943 ms
2025-05-05T13:38:29.730Z [[32minfo[39m] - GET /api/cars 304 - - 2.389 ms
2025-05-05T13:38:29.763Z [[32minfo[39m] - GET /api/cars 304 - - 30.910 ms
2025-05-05T13:38:29.766Z [[32minfo[39m] - GET /api/cars 304 - - 1.352 ms
2025-05-05T13:39:36.081Z [[32minfo[39m] - GET /api/cars 304 - - 105.572 ms
2025-05-05T13:39:36.084Z [[32minfo[39m] - GET /api/cars 304 - - 1.675 ms
2025-05-05T13:39:36.086Z [[32minfo[39m] - GET /api/cars 304 - - 0.880 ms
2025-05-05T13:39:36.098Z [[32minfo[39m] - GET /api/cars 304 - - 11.609 ms
2025-05-05T13:50:39.293Z [[32minfo[39m] - ✅ Server running on port 5001
2025-05-05T13:50:39.318Z [[32minfo[39m] - ✅ Connected to PostgreSQL database
2025-05-05T13:50:47.079Z [[32minfo[39m] - GET /api/cars 304 - - 84.645 ms
2025-05-05T13:50:47.081Z [[32minfo[39m] - GET /api/cars 304 - - 0.869 ms
2025-05-06T20:13:27.031Z [[32minfo[39m] - ✅ Server running on port 5001
2025-05-06T20:13:27.138Z [[32minfo[39m] - ✅ Connected to PostgreSQL database
2025-05-06T20:13:39.510Z [[32minfo[39m] - GET /api/cars 304 - - 253.780 ms
2025-05-06T20:13:39.513Z [[32minfo[39m] - GET /api/cars 304 - - 2.176 ms
2025-05-06T20:13:41.232Z [[32minfo[39m] - GET /api/cars 304 - - 5.694 ms
2025-05-06T20:13:41.237Z [[32minfo[39m] - GET /api/cars 304 - - 1.783 ms
2025-05-06T20:13:41.243Z [[32minfo[39m] - GET /api/cars 304 - - 2.723 ms
2025-05-06T20:13:41.246Z [[32minfo[39m] - GET /api/cars 304 - - 1.760 ms
2025-05-06T20:13:48.661Z [[32minfo[39m] - OPTIONS /api/auth/login 204 0 - 0.692 ms
2025-05-06T20:13:48.844Z [[32minfo[39m] - POST /api/auth/login 200 338 - 180.511 ms
2025-05-06T20:13:53.030Z [[32minfo[39m] - OPTIONS /api/cars/my 204 0 - 0.272 ms
2025-05-06T20:13:53.031Z [[32minfo[39m] - OPTIONS /api/cars/my 204 0 - 0.065 ms
2025-05-06T20:13:53.033Z [[32minfo[39m] - GET /api/cars/my 400 28 - 0.456 ms
2025-05-06T20:13:53.034Z [[32minfo[39m] - GET /api/cars/my 400 28 - 0.150 ms
2025-05-06T20:13:59.995Z [[32minfo[39m] - GET /api/cars 304 - - 150.855 ms
2025-05-06T20:14:00.006Z [[32minfo[39m] - GET /api/cars 304 - - 7.278 ms
2025-05-06T20:15:01.965Z [[32minfo[39m] - GET /api/cars 304 - - 39.627 ms
2025-05-06T20:15:01.969Z [[32minfo[39m] - GET /api/cars 304 - - 1.022 ms
2025-05-06T20:26:13.040Z [[32minfo[39m] - ✅ Server running on port 5001
2025-05-06T20:26:13.123Z [[32minfo[39m] - ✅ Connected to PostgreSQL database
2025-05-06T20:26:24.783Z [[32minfo[39m] - GET /api/cars 304 - - 474.138 ms
2025-05-06T20:26:24.786Z [[32minfo[39m] - GET /api/cars 304 - - 1.268 ms
2025-05-06T20:26:26.504Z [[32minfo[39m] - GET /api/cars 304 - - 4.221 ms
2025-05-06T20:26:26.509Z [[32minfo[39m] - GET /api/cars 304 - - 1.735 ms
2025-05-06T20:26:28.644Z [[32minfo[39m] - GET /api/cars 304 - - 27.890 ms
2025-05-06T20:26:28.647Z [[32minfo[39m] - GET /api/cars 304 - - 0.848 ms
2025-05-06T20:26:33.153Z [[32minfo[39m] - OPTIONS /api/auth/login 204 0 - 1.633 ms
2025-05-06T20:26:33.288Z [[32minfo[39m] - POST /api/auth/login 200 338 - 131.822 ms
2025-05-06T20:46:13.298Z [[32minfo[39m] - GET /api/cars 304 - - 107.993 ms
2025-05-06T20:46:13.300Z [[32minfo[39m] - GET /api/cars 304 - - 0.805 ms
2025-05-06T20:51:08.297Z [[32minfo[39m] - GET /api/cars 304 - - 55.613 ms
2025-05-06T20:51:08.299Z [[32minfo[39m] - GET /api/cars 304 - - 0.627 ms
2025-05-06T20:51:09.634Z [[32minfo[39m] - GET /api/cars 304 - - 1.673 ms
2025-05-06T20:51:09.636Z [[32minfo[39m] - GET /api/cars 304 - - 0.951 ms
2025-05-06T20:54:28.991Z [[32minfo[39m] - GET /api/cars 304 - - 23.907 ms
2025-05-06T20:54:28.992Z [[32minfo[39m] - GET /api/cars 304 - - 0.521 ms
2025-05-06T20:59:36.226Z [[32minfo[39m] - GET /api/cars 304 - - 860.553 ms
2025-05-06T20:59:36.228Z [[32minfo[39m] - GET /api/cars 304 - - 0.735 ms
2025-05-06T20:59:55.936Z [[32minfo[39m] - GET /api/cars 304 - - 14.380 ms
2025-05-06T20:59:55.941Z [[32minfo[39m] - GET /api/cars 304 - - 1.773 ms
2025-05-06T21:00:50.587Z [[32minfo[39m] - GET /api/cars 304 - - 16.695 ms
2025-05-06T21:00:50.588Z [[32minfo[39m] - GET /api/cars 304 - - 0.477 ms
2025-05-06T21:11:03.886Z [[32minfo[39m] - GET /api/cars 304 - - 49.530 ms
2025-05-06T21:11:03.888Z [[32minfo[39m] - GET /api/cars 304 - - 1.080 ms
2025-05-06T21:19:20.044Z [[32minfo[39m] - GET /api/cars 304 - - 15.984 ms
2025-05-06T21:19:20.045Z [[32minfo[39m] - GET /api/cars 304 - - 0.404 ms
2025-05-06T21:19:21.395Z [[32minfo[39m] - GET /api/cars 304 - - 1.714 ms
2025-05-06T21:19:21.397Z [[32minfo[39m] - GET /api/cars 304 - - 0.678 ms
2025-05-06T21:19:44.771Z [[32minfo[39m] - GET /api/cars 304 - - 9.519 ms
2025-05-06T21:19:44.774Z [[32minfo[39m] - GET /api/cars 304 - - 1.841 ms
2025-05-06T21:20:14.662Z [[32minfo[39m] - GET /api/cars 304 - - 6.096 ms
2025-05-06T21:20:14.663Z [[32minfo[39m] - GET /api/cars 304 - - 0.798 ms
2025-05-06T21:35:53.041Z [[32minfo[39m] - GET /api/cars 304 - - 38.516 ms
2025-05-06T21:35:53.043Z [[32minfo[39m] - GET /api/cars 304 - - 1.164 ms
2025-05-06T21:36:45.269Z [[32minfo[39m] - GET /api/cars 304 - - 10.030 ms
2025-05-06T21:36:45.270Z [[32minfo[39m] - GET /api/cars 304 - - 0.665 ms
2025-05-06T21:37:28.142Z [[32minfo[39m] - GET /api/cars 304 - - 12.739 ms
2025-05-06T21:37:28.143Z [[32minfo[39m] - GET /api/cars 304 - - 0.482 ms
2025-05-09T19:18:29.893Z [[32minfo[39m] - ✅ Server running on port 5001
2025-05-09T19:18:29.941Z [[32minfo[39m] - ✅ Connected to PostgreSQL database
2025-05-09T19:18:43.696Z [[32minfo[39m] - GET /api/cars 304 - - 604.865 ms
2025-05-09T19:18:43.700Z [[32minfo[39m] - GET /api/cars 304 - - 2.016 ms
2025-05-09T19:20:43.956Z [[32minfo[39m] - GET /api/cars 304 - - 27.385 ms
2025-05-09T19:20:43.961Z [[32minfo[39m] - GET /api/cars 304 - - 1.884 ms
2025-05-09T19:26:25.988Z [[32minfo[39m] - OPTIONS /api/auth/login 204 0 - 2.712 ms
2025-05-09T19:26:26.126Z [[32minfo[39m] - POST /api/auth/login 200 338 - 134.853 ms
2025-05-09T20:06:10.368Z [[32minfo[39m] - ✅ Server running on port 5001
2025-05-09T20:06:10.408Z [[32minfo[39m] - ✅ Connected to PostgreSQL database
2025-05-09T20:10:55.519Z [[32minfo[39m] - ✅ Server running on port 5001
2025-05-09T20:10:55.535Z [[32minfo[39m] - ✅ Connected to PostgreSQL database
2025-05-09T20:18:55.356Z [[32minfo[39m] - ✅ Server running on port 5001
2025-05-09T20:18:55.384Z [[32minfo[39m] - ✅ Connected to PostgreSQL database
2025-05-09T20:21:53.687Z [[32minfo[39m] - ✅ Server running on port 5001
2025-05-09T20:21:53.703Z [[32minfo[39m] - ✅ Connected to PostgreSQL database
2025-05-09T20:22:03.936Z [[32minfo[39m] - ✅ Server running on port 5001
2025-05-09T20:22:03.949Z [[32minfo[39m] - ✅ Connected to PostgreSQL database
2025-05-09T20:22:06.693Z [[32minfo[39m] - ✅ Server running on port 5001
2025-05-09T20:22:06.707Z [[32minfo[39m] - ✅ Connected to PostgreSQL database
2025-05-09T20:22:08.991Z [[32minfo[39m] - ✅ Server running on port 5001
2025-05-09T20:22:09.002Z [[32minfo[39m] - ✅ Connected to PostgreSQL database
2025-05-09T20:22:15.958Z [[32minfo[39m] - ✅ Server running on port 5001
2025-05-09T20:22:15.997Z [[32minfo[39m] - ✅ Connected to PostgreSQL database
2025-05-09T20:22:17.597Z [[32minfo[39m] - ✅ Server running on port 5001
2025-05-09T20:22:17.611Z [[32minfo[39m] - ✅ Connected to PostgreSQL database
2025-05-09T20:22:19.116Z [[32minfo[39m] - ✅ Server running on port 5001
2025-05-09T20:22:19.130Z [[32minfo[39m] - ✅ Connected to PostgreSQL database
2025-05-09T20:22:25.871Z [[32minfo[39m] - ✅ Server running on port 5001
2025-05-09T20:22:25.883Z [[32minfo[39m] - ✅ Connected to PostgreSQL database
2025-05-09T20:23:59.432Z [[32minfo[39m] - GET /api/cars 304 - - 25.194 ms
2025-05-09T20:23:59.433Z [[32minfo[39m] - GET /api/cars 304 - - 0.946 ms
2025-05-09T20:24:06.341Z [[32minfo[39m] - OPTIONS /api/auth/login 204 0 - 0.327 ms
2025-05-09T20:24:06.432Z [[32minfo[39m] - POST /api/auth/login 200 338 - 89.995 ms
2025-05-09T20:24:50.398Z [[32minfo[39m] - POST /api/cars/upload 500 38 - 1415.637 ms
2025-05-09T20:39:28.390Z [[32minfo[39m] - ✅ Server running on port 5001
2025-05-09T20:39:28.407Z [[32minfo[39m] - ✅ Connected to PostgreSQL database
2025-05-09T20:39:32.552Z [[32minfo[39m] - GET /api/cars 304 - - 11.728 ms
2025-05-09T20:39:32.554Z [[32minfo[39m] - GET /api/cars 304 - - 0.983 ms
2025-05-09T20:42:17.312Z [[32minfo[39m] - GET /api/cars 304 - - 42.879 ms
2025-05-09T20:42:17.314Z [[32minfo[39m] - GET /api/cars 304 - - 0.895 ms
2025-05-09T20:42:26.985Z [[32minfo[39m] - OPTIONS /api/auth/login 204 0 - 0.843 ms
2025-05-09T20:42:27.084Z [[32minfo[39m] - POST /api/auth/login 200 338 - 96.858 ms
2025-05-09T20:43:30.098Z [[32minfo[39m] - POST /api/cars/upload 500 38 - 1699.126 ms
2025-05-09T20:46:09.426Z [[32minfo[39m] - GET /api/cars 304 - - 153.531 ms
2025-05-09T20:46:09.429Z [[32minfo[39m] - GET /api/cars 304 - - 1.577 ms
2025-05-09T21:56:51.601Z [[32minfo[39m] - ✅ Server running on port 5001
2025-05-09T21:56:51.633Z [[32minfo[39m] - ✅ Connected to PostgreSQL database
2025-05-09T21:58:26.601Z [[32minfo[39m] - ✅ Server running on port 5001
2025-05-09T21:58:26.618Z [[32minfo[39m] - ✅ Connected to PostgreSQL database
2025-05-09T22:01:00.539Z [[32minfo[39m] - ✅ Server running on port 5001
2025-05-09T22:01:00.567Z [[32minfo[39m] - ✅ Connected to PostgreSQL database
2025-05-09T22:01:08.882Z [[32minfo[39m] - ✅ Server running on port 5001
2025-05-09T22:01:08.898Z [[32minfo[39m] - ✅ Connected to PostgreSQL database
2025-05-09T22:01:25.561Z [[32minfo[39m] - ✅ Server running on port 5001
2025-05-09T22:01:25.578Z [[32minfo[39m] - ✅ Connected to PostgreSQL database
2025-05-09T22:01:31.673Z [[32minfo[39m] - ✅ Server running on port 5001
2025-05-09T22:01:31.687Z [[32minfo[39m] - ✅ Connected to PostgreSQL database
2025-05-09T22:01:40.524Z [[32minfo[39m] - GET /api/cars 304 - - 20.818 ms
2025-05-09T22:01:40.526Z [[32minfo[39m] - GET /api/cars 304 - - 0.776 ms
2025-05-09T22:01:47.061Z [[32minfo[39m] - OPTIONS /api/auth/login 204 0 - 1.146 ms
2025-05-09T22:01:47.153Z [[32minfo[39m] - POST /api/auth/login 200 338 - 90.370 ms
2025-05-09T22:02:16.594Z [[32minfo[39m] - POST /api/cars/upload 200 110 - 1233.230 ms
2025-05-09T22:02:20.207Z [[32minfo[39m] - POST /api/cars 201 257 - 20.848 ms
2025-05-09T22:03:13.457Z [[32minfo[39m] - POST /api/cars/upload 200 110 - 1400.184 ms
2025-05-09T22:03:29.147Z [[32minfo[39m] - POST /api/cars/upload 200 110 - 1701.997 ms
2025-05-09T22:04:11.034Z [[32minfo[39m] - GET /api/cars 200 1547 - 5.381 ms
2025-05-09T22:04:11.036Z [[32minfo[39m] - GET /api/cars 304 - - 0.684 ms
2025-05-09T22:04:25.102Z [[32minfo[39m] - GET /api/cars 304 - - 6.029 ms
2025-05-09T22:04:25.103Z [[32minfo[39m] - GET /api/cars 304 - - 0.991 ms
